#-----------------------------------------------------------
# Vivado v2016.1_sda (64-bit)
# SW Build 1569787 on Mon May 23 16:30:32 MDT 2016
# IP Build 1570477 on Tue May 24 12:58:35 MDT 2016
# Start of session at: Wed May 25 15:05:38 2016
# Process ID: 18705
# Current directory: /proj/picasso/pourya/playground/edge_detection/edgedetection_example/impl/kernels/krnl_sobel/krnl_sobel/solution_OCL_REGION_0/impl/ip
# Command line: vivado -notrace -mode batch -source run_ippack.tcl
# Log file: /proj/picasso/pourya/playground/edge_detection/edgedetection_example/impl/kernels/krnl_sobel/krnl_sobel/solution_OCL_REGION_0/impl/ip/vivado.log
# Journal file: /proj/picasso/pourya/playground/edge_detection/edgedetection_example/impl/kernels/krnl_sobel/krnl_sobel/solution_OCL_REGION_0/impl/ip/vivado.jou
#-----------------------------------------------------------
source run_ippack.tcl -notrace
INFO: [IP_Flow 19-234] Refreshing IP repositories
INFO: [IP_Flow 19-1704] No user IP repositories specified
INFO: [IP_Flow 19-2313] Loaded Vivado IP repository '/proj/xbuilds/2016.1_sdaccel_daily_latest/installs/lin64/SDAccel/2016.1/Vivado/data/ip'.
INFO: [IP_Flow 19-1686] Generating 'Synthesis' target for IP 'krnl_sobel_ap_fcmp_0_no_dsp_32'...
INFO: [IP_Flow 19-1686] Generating 'Simulation' target for IP 'krnl_sobel_ap_fcmp_0_no_dsp_32'...
INFO: [IP_Flow 19-1686] Generating 'Synthesis' target for IP 'krnl_sobel_ap_fdiv_14_no_dsp_32'...
INFO: [IP_Flow 19-1686] Generating 'Simulation' target for IP 'krnl_sobel_ap_fdiv_14_no_dsp_32'...
INFO: [IP_Flow 19-1686] Generating 'Synthesis' target for IP 'krnl_sobel_ap_sitofp_4_no_dsp_32'...
INFO: [IP_Flow 19-1686] Generating 'Simulation' target for IP 'krnl_sobel_ap_sitofp_4_no_dsp_32'...
INFO: [IP_Flow 19-1686] Generating 'Synthesis' target for IP 'krnl_sobel_ap_faddfsub_6_full_dsp_32'...
INFO: [IP_Flow 19-1686] Generating 'Simulation' target for IP 'krnl_sobel_ap_faddfsub_6_full_dsp_32'...
INFO: [IP_Flow 19-1686] Generating 'Synthesis' target for IP 'krnl_sobel_ap_fmul_3_max_dsp_32'...
INFO: [IP_Flow 19-1686] Generating 'Simulation' target for IP 'krnl_sobel_ap_fmul_3_max_dsp_32'...
INFO: [IP_Flow 19-234] Refreshing IP repositories
INFO: [IP_Flow 19-1704] No user IP repositories specified
INFO: [IP_Flow 19-2313] Loaded Vivado IP repository '/proj/xbuilds/2016.1_sdaccel_daily_latest/installs/lin64/SDAccel/2016.1/Vivado/data/ip'.
WARNING: [Vivado 12-4404] Packaging IP from Vivado to be used with external tools is a beta feature in the current release. The cpu emulation flow is not enabled when using a packaged XO file with SDAccel.
INFO: [Common 17-206] Exiting Vivado at Wed May 25 15:07:37 2016...
