
WARNING: Unable to find common Xilinx tools. Automatic updates and 
         license management will be disabled.


****** Vivado v2016.1_sda (64-bit)
  **** SW Build 1569787 on Mon May 23 16:30:32 MDT 2016
  **** IP Build 1570477 on Tue May 24 12:58:35 MDT 2016
    ** Copyright 1986-2016 Xilinx, Inc. All Rights Reserved.

source run_ippack.tcl -notrace
INFO: [IP_Flow 19-234] Refreshing IP repositories
INFO: [IP_Flow 19-1704] No user IP repositories specified
INFO: [IP_Flow 19-2313] Loaded Vivado IP repository '/proj/xbuilds/2016.1_sdaccel_daily_latest/installs/lin64/SDAccel/2016.1/Vivado/data/ip'.
INFO: [IP_Flow 19-1686] Generating 'Synthesis' target for IP 'krnl_sobel_ap_fcmp_0_no_dsp_32'...
INFO: [IP_Flow 19-1686] Generating 'Simulation' target for IP 'krnl_sobel_ap_fcmp_0_no_dsp_32'...
INFO: [IP_Flow 19-1686] Generating 'Synthesis' target for IP 'krnl_sobel_ap_fdiv_14_no_dsp_32'...
INFO: [IP_Flow 19-1686] Generating 'Simulation' target for IP 'krnl_sobel_ap_fdiv_14_no_dsp_32'...
INFO: [IP_Flow 19-1686] Generating 'Synthesis' target for IP 'krnl_sobel_ap_sitofp_4_no_dsp_32'...
INFO: [IP_Flow 19-1686] Generating 'Simulation' target for IP 'krnl_sobel_ap_sitofp_4_no_dsp_32'...
INFO: [IP_Flow 19-1686] Generating 'Synthesis' target for IP 'krnl_sobel_ap_faddfsub_6_full_dsp_32'...
INFO: [IP_Flow 19-1686] Generating 'Simulation' target for IP 'krnl_sobel_ap_faddfsub_6_full_dsp_32'...
INFO: [IP_Flow 19-1686] Generating 'Synthesis' target for IP 'krnl_sobel_ap_fmul_3_max_dsp_32'...
INFO: [IP_Flow 19-1686] Generating 'Simulation' target for IP 'krnl_sobel_ap_fmul_3_max_dsp_32'...
INFO: [IP_Flow 19-234] Refreshing IP repositories
INFO: [IP_Flow 19-1704] No user IP repositories specified
INFO: [IP_Flow 19-2313] Loaded Vivado IP repository '/proj/xbuilds/2016.1_sdaccel_daily_latest/installs/lin64/SDAccel/2016.1/Vivado/data/ip'.
WARNING: [Vivado 12-4404] Packaging IP from Vivado to be used with external tools is a beta feature in the current release. The cpu emulation flow is not enabled when using a packaged XO file with SDAccel.
INFO: [Common 17-206] Exiting Vivado at Wed May 25 15:07:37 2016...
