==============================================================
File generated by Vivado(TM) HLS - High-Level Synthesis from C, C++ and SystemC
Version: 2016.1
Copyright (C) 1986-2016 Xilinx, Inc. All Rights Reserved.

==============================================================

@I [HLS-10] Setting target device to 'xcku060-ffva1156-2-e'
@I [SYN-201] Setting up clock 'default' with a period of 5ns.
@I [SYN-201] Setting up clock 'default' with an uncertainty of 1.35ns.
@I [HLS-10] Analyzing design file '/proj/picasso/pourya/playground/edge_detection/src/krnl_sobelfilter_pipelined_asyncmem.cl' ... 
@I [HLS-111] Finished Checking Pragmas Time (s): cpu = 00:00:00.81 ; elapsed = 00:00:02 . Memory (MB): peak = 390.938 ; gain = 51.957 ; free physical = 1888 ; free virtual = 113626
@I [HLS-111] Finished Linking Time (s): cpu = 00:00:00.94 ; elapsed = 00:00:02 . Memory (MB): peak = 390.938 ; gain = 51.957 ; free physical = 1880 ; free virtual = 113621
@I [HLS-10] Starting code transformations ...
@I [XFORM-603] Inlining function 'ap_fixed_base<54, 31, false, (ap_q_mode)5, (ap_o_mode)3, 0>::operator<<' into 'hls::cast_IEEE754<unsigned char, float>' (/wrk/2016.sub/2016.1_sdaccel/continuous/2016_05_24_1570644/src/products/hls/hls_lib/src/hls/hls_round.h:395).
@I [XFORM-603] Inlining function 'ap_fixed_base<1, 9, false, (ap_q_mode)5, (ap_o_mode)0, 0>::overflow_adjust' into 'ap_fixed_base<1, 9, false, (ap_q_mode)5, (ap_o_mode)0, 0>::ap_fixed_base<31, 31, false, (ap_q_mode)5, (ap_o_mode)3, 0>' ().
@I [XFORM-603] Inlining function '__hls_fptoui_float_i8' into 'krnl_sobel' (/proj/picasso/pourya/playground/edge_detection/src/krnl_sobelfilter_pipelined_asyncmem.cl:203).
@I [XFORM-603] Inlining function 'hls::cast_IEEE754<unsigned char, float>' into 'krnl_sobel' (/wrk/2016.sub/2016.1_sdaccel/continuous/2016_05_24_1570644/src/products/hls/hls_lib/src/lib_floatconversion.cpp:47->/proj/picasso/pourya/playground/edge_detection/src/krnl_sobelfilter_pipelined_asyncmem.cl:203).
@I [XFORM-603] Inlining function 'fp_struct<float>::mantissa' into 'krnl_sobel' (/wrk/2016.sub/2016.1_sdaccel/continuous/2016_05_24_1570644/src/products/hls/hls_lib/src/hls/hls_round.h:392->/wrk/2016.sub/2016.1_sdaccel/continuous/2016_05_24_1570644/src/products/hls/hls_lib/src/lib_floatconversion.cpp:47->/proj/picasso/pourya/playground/edge_detection/src/krnl_sobelfilter_pipelined_asyncmem.cl:203).
@I [XFORM-603] Inlining function 'fp_struct<float>::expv' into 'krnl_sobel' (/wrk/2016.sub/2016.1_sdaccel/continuous/2016_05_24_1570644/src/products/hls/hls_lib/src/hls/hls_round.h:395->/wrk/2016.sub/2016.1_sdaccel/continuous/2016_05_24_1570644/src/products/hls/hls_lib/src/lib_floatconversion.cpp:47->/proj/picasso/pourya/playground/edge_detection/src/krnl_sobelfilter_pipelined_asyncmem.cl:203).
@I [XFORM-603] Inlining function 'fp_struct<float>::expv' into 'krnl_sobel' (/wrk/2016.sub/2016.1_sdaccel/continuous/2016_05_24_1570644/src/products/hls/hls_lib/src/hls/hls_round.h:400->/wrk/2016.sub/2016.1_sdaccel/continuous/2016_05_24_1570644/src/products/hls/hls_lib/src/lib_floatconversion.cpp:47->/proj/picasso/pourya/playground/edge_detection/src/krnl_sobelfilter_pipelined_asyncmem.cl:203).
@I [XFORM-603] Inlining function 'fp_struct<float>::__signbit' into 'krnl_sobel' (/wrk/2016.sub/2016.1_sdaccel/continuous/2016_05_24_1570644/src/products/hls/hls_lib/src/hls/hls_round.h:402->/wrk/2016.sub/2016.1_sdaccel/continuous/2016_05_24_1570644/src/products/hls/hls_lib/src/lib_floatconversion.cpp:47->/proj/picasso/pourya/playground/edge_detection/src/krnl_sobelfilter_pipelined_asyncmem.cl:203).
@I [HLS-111] Finished Standard Transforms Time (s): cpu = 00:00:42 ; elapsed = 00:00:45 . Memory (MB): peak = 2007.113 ; gain = 1668.133 ; free physical = 993 ; free virtual = 112781
@I [HLS-10] Checking synthesizability ...
@I [HLS-111] Finished Checking Synthesizability Time (s): cpu = 00:00:43 ; elapsed = 00:00:46 . Memory (MB): peak = 2007.113 ; gain = 1668.133 ; free physical = 986 ; free virtual = 112781
@I [XFORM-502] Unrolling all sub-loops inside loop 'Loop-5.2' (/proj/picasso/pourya/playground/edge_detection/src/krnl_sobelfilter_pipelined_asyncmem.cl:134) in function 'krnl_sobel' for pipelining.
@I [XFORM-502] Unrolling all sub-loops inside loop 'Loop-8.2' (/proj/picasso/pourya/playground/edge_detection/src/krnl_sobelfilter_pipelined_asyncmem.cl:182) in function 'krnl_sobel' for pipelining.
@I [XFORM-501] Unrolling loop 'Loop-5.2.1' (/proj/picasso/pourya/playground/edge_detection/src/krnl_sobelfilter_pipelined_asyncmem.cl:141) in function 'krnl_sobel' completely.
@I [XFORM-501] Unrolling loop 'Loop-5.2.2' in function 'krnl_sobel' completely.
@I [XFORM-501] Unrolling loop 'Loop-5.2.2.1' in function 'krnl_sobel' completely.
@I [XFORM-501] Unrolling loop 'Loop-5.2.3' in function 'krnl_sobel' completely.
@W [XFORM-503] Cannot unroll loop 'Loop-5.2.4' in function 'krnl_sobel' completely: variable loop bound.
@W [XFORM-503] Cannot unroll loop 'Loop-5.2.5' in function 'krnl_sobel' completely: variable loop bound.
@I [XFORM-501] Unrolling loop 'Loop-8.2.1' (/proj/picasso/pourya/playground/edge_detection/src/krnl_sobelfilter_pipelined_asyncmem.cl:189) in function 'krnl_sobel' completely.
@I [XFORM-501] Unrolling loop 'Loop-8.2.2' in function 'krnl_sobel' completely.
@I [XFORM-501] Unrolling loop 'Loop-8.2.2.1' in function 'krnl_sobel' completely.
@I [XFORM-501] Unrolling loop 'Loop-8.2.3' in function 'krnl_sobel' completely.
@W [XFORM-503] Cannot unroll loop 'Loop-8.2.4' in function 'krnl_sobel' completely: variable loop bound.
@W [XFORM-503] Cannot unroll loop 'Loop-8.2.5' in function 'krnl_sobel' completely: variable loop bound.
@I [XFORM-102] Partitioning array '.cast.i.1' automatically.
@I [XFORM-102] Partitioning array '.cast.i.2' automatically.
@I [XFORM-102] Partitioning array '.cast.i.3' automatically.
@I [XFORM-102] Partitioning array '.cast.i.4' automatically.
@I [XFORM-102] Partitioning array '.cast.i.5' automatically.
@I [XFORM-102] Partitioning array '.cast.i.6' automatically.
@I [XFORM-102] Partitioning array '.cast.i.7' automatically.
@I [XFORM-401] Performing if-conversion on hyperblock in function 'krnl_sobel'... converting 25 basic blocks.
@I [XFORM-401] Performing if-conversion on hyperblock in function 'krnl_sobel'... converting 47 basic blocks.
@I [XFORM-401] Performing if-conversion on hyperblock in function 'krnl_sobel'... converting 47 basic blocks.
@I [XFORM-401] Performing if-conversion on hyperblock in function 'krnl_sobel'... converting 47 basic blocks.
@I [XFORM-401] Performing if-conversion on hyperblock in function 'krnl_sobel'... converting 47 basic blocks.
@I [XFORM-401] Performing if-conversion on hyperblock in function 'krnl_sobel'... converting 47 basic blocks.
@I [XFORM-401] Performing if-conversion on hyperblock in function 'krnl_sobel'... converting 47 basic blocks.
@I [XFORM-401] Performing if-conversion on hyperblock in function 'krnl_sobel'... converting 47 basic blocks.
@I [XFORM-401] Performing if-conversion on hyperblock in function 'krnl_sobel'... converting 47 basic blocks.
@I [XFORM-401] Performing if-conversion on hyperblock in function 'krnl_sobel'... converting 47 basic blocks.
@I [XFORM-401] Performing if-conversion on hyperblock in function 'krnl_sobel'... converting 47 basic blocks.
@I [XFORM-401] Performing if-conversion on hyperblock in function 'krnl_sobel'... converting 47 basic blocks.
@I [XFORM-401] Performing if-conversion on hyperblock in function 'krnl_sobel'... converting 47 basic blocks.
@I [XFORM-401] Performing if-conversion on hyperblock in function 'krnl_sobel'... converting 47 basic blocks.
@I [XFORM-401] Performing if-conversion on hyperblock in function 'krnl_sobel'... converting 47 basic blocks.
@I [XFORM-401] Performing if-conversion on hyperblock in function 'krnl_sobel'... converting 47 basic blocks.
@I [XFORM-401] Performing if-conversion on hyperblock in function 'krnl_sobel'... converting 47 basic blocks.
@I [XFORM-401] Performing if-conversion on hyperblock in function 'krnl_sobel'... converting 47 basic blocks.
@I [XFORM-401] Performing if-conversion on hyperblock in function 'krnl_sobel'... converting 47 basic blocks.
@I [XFORM-401] Performing if-conversion on hyperblock in function 'krnl_sobel'... converting 47 basic blocks.
@I [XFORM-401] Performing if-conversion on hyperblock in function 'krnl_sobel'... converting 47 basic blocks.
@I [XFORM-401] Performing if-conversion on hyperblock in function 'krnl_sobel'... converting 47 basic blocks.
@I [XFORM-401] Performing if-conversion on hyperblock in function 'krnl_sobel'... converting 47 basic blocks.
@I [XFORM-401] Performing if-conversion on hyperblock in function 'krnl_sobel'... converting 47 basic blocks.
@I [XFORM-401] Performing if-conversion on hyperblock in function 'krnl_sobel'... converting 47 basic blocks.
@I [XFORM-401] Performing if-conversion on hyperblock in function 'krnl_sobel'... converting 47 basic blocks.
@I [XFORM-401] Performing if-conversion on hyperblock in function 'krnl_sobel'... converting 47 basic blocks.
@I [XFORM-401] Performing if-conversion on hyperblock in function 'krnl_sobel'... converting 47 basic blocks.
@I [XFORM-401] Performing if-conversion on hyperblock in function 'krnl_sobel'... converting 47 basic blocks.
@I [XFORM-401] Performing if-conversion on hyperblock in function 'krnl_sobel'... converting 47 basic blocks.
@I [XFORM-401] Performing if-conversion on hyperblock in function 'krnl_sobel'... converting 47 basic blocks.
@I [XFORM-401] Performing if-conversion on hyperblock in function 'krnl_sobel'... converting 47 basic blocks.
@I [XFORM-401] Performing if-conversion on hyperblock in function 'krnl_sobel'... converting 47 basic blocks.
@I [XFORM-401] Performing if-conversion on hyperblock in function 'krnl_sobel'... converting 47 basic blocks.
@I [XFORM-401] Performing if-conversion on hyperblock in function 'krnl_sobel'... converting 47 basic blocks.
@I [XFORM-401] Performing if-conversion on hyperblock in function 'krnl_sobel'... converting 47 basic blocks.
@I [XFORM-401] Performing if-conversion on hyperblock in function 'krnl_sobel'... converting 47 basic blocks.
@I [XFORM-401] Performing if-conversion on hyperblock in function 'krnl_sobel'... converting 47 basic blocks.
@I [XFORM-401] Performing if-conversion on hyperblock in function 'krnl_sobel'... converting 47 basic blocks.
@I [XFORM-401] Performing if-conversion on hyperblock in function 'krnl_sobel'... converting 47 basic blocks.
@I [XFORM-401] Performing if-conversion on hyperblock in function 'krnl_sobel'... converting 47 basic blocks.
@I [XFORM-401] Performing if-conversion on hyperblock in function 'krnl_sobel'... converting 47 basic blocks.
@I [XFORM-401] Performing if-conversion on hyperblock in function 'krnl_sobel'... converting 47 basic blocks.
@I [XFORM-401] Performing if-conversion on hyperblock in function 'krnl_sobel'... converting 47 basic blocks.
@I [XFORM-401] Performing if-conversion on hyperblock in function 'krnl_sobel'... converting 47 basic blocks.
@I [XFORM-401] Performing if-conversion on hyperblock in function 'krnl_sobel'... converting 47 basic blocks.
@I [XFORM-401] Performing if-conversion on hyperblock in function 'krnl_sobel'... converting 47 basic blocks.
@I [XFORM-401] Performing if-conversion on hyperblock in function 'krnl_sobel'... converting 91 basic blocks.
@I [XFORM-401] Performing if-conversion on hyperblock in function 'krnl_sobel'... converting 5 basic blocks.
@I [XFORM-401] Performing if-conversion on hyperblock in function 'krnl_sobel'... converting 5 basic blocks.
@I [XFORM-401] Performing if-conversion on hyperblock from (/proj/picasso/pourya/playground/edge_detection/src/krnl_sobelfilter_pipelined_asyncmem.cl:203:62) to (/proj/picasso/pourya/playground/edge_detection/src/krnl_sobelfilter_pipelined_asyncmem.cl:182:31) in function 'krnl_sobel'... converting 4 basic blocks.
@I [XFORM-401] Performing if-conversion on hyperblock in function 'krnl_sobel'... converting 25 basic blocks.
@I [XFORM-401] Performing if-conversion on hyperblock in function 'krnl_sobel'... converting 47 basic blocks.
@I [XFORM-401] Performing if-conversion on hyperblock in function 'krnl_sobel'... converting 47 basic blocks.
@I [XFORM-401] Performing if-conversion on hyperblock in function 'krnl_sobel'... converting 47 basic blocks.
@I [XFORM-401] Performing if-conversion on hyperblock in function 'krnl_sobel'... converting 47 basic blocks.
@I [XFORM-401] Performing if-conversion on hyperblock in function 'krnl_sobel'... converting 47 basic blocks.
@I [XFORM-401] Performing if-conversion on hyperblock in function 'krnl_sobel'... converting 47 basic blocks.
@I [XFORM-401] Performing if-conversion on hyperblock in function 'krnl_sobel'... converting 47 basic blocks.
@I [XFORM-401] Performing if-conversion on hyperblock in function 'krnl_sobel'... converting 47 basic blocks.
@I [XFORM-401] Performing if-conversion on hyperblock in function 'krnl_sobel'... converting 47 basic blocks.
@I [XFORM-401] Performing if-conversion on hyperblock in function 'krnl_sobel'... converting 47 basic blocks.
@I [XFORM-401] Performing if-conversion on hyperblock in function 'krnl_sobel'... converting 47 basic blocks.
@I [XFORM-401] Performing if-conversion on hyperblock in function 'krnl_sobel'... converting 47 basic blocks.
@I [XFORM-401] Performing if-conversion on hyperblock in function 'krnl_sobel'... converting 47 basic blocks.
@I [XFORM-401] Performing if-conversion on hyperblock in function 'krnl_sobel'... converting 47 basic blocks.
@I [XFORM-401] Performing if-conversion on hyperblock in function 'krnl_sobel'... converting 47 basic blocks.
@I [XFORM-401] Performing if-conversion on hyperblock in function 'krnl_sobel'... converting 47 basic blocks.
@I [XFORM-401] Performing if-conversion on hyperblock in function 'krnl_sobel'... converting 47 basic blocks.
@I [XFORM-401] Performing if-conversion on hyperblock in function 'krnl_sobel'... converting 47 basic blocks.
@I [XFORM-401] Performing if-conversion on hyperblock in function 'krnl_sobel'... converting 47 basic blocks.
@I [XFORM-401] Performing if-conversion on hyperblock in function 'krnl_sobel'... converting 47 basic blocks.
@I [XFORM-401] Performing if-conversion on hyperblock in function 'krnl_sobel'... converting 47 basic blocks.
@I [XFORM-401] Performing if-conversion on hyperblock in function 'krnl_sobel'... converting 47 basic blocks.
@I [XFORM-401] Performing if-conversion on hyperblock in function 'krnl_sobel'... converting 47 basic blocks.
@I [XFORM-401] Performing if-conversion on hyperblock in function 'krnl_sobel'... converting 47 basic blocks.
@I [XFORM-401] Performing if-conversion on hyperblock in function 'krnl_sobel'... converting 47 basic blocks.
@I [XFORM-401] Performing if-conversion on hyperblock in function 'krnl_sobel'... converting 47 basic blocks.
@I [XFORM-401] Performing if-conversion on hyperblock in function 'krnl_sobel'... converting 47 basic blocks.
@I [XFORM-401] Performing if-conversion on hyperblock in function 'krnl_sobel'... converting 47 basic blocks.
@I [XFORM-401] Performing if-conversion on hyperblock in function 'krnl_sobel'... converting 47 basic blocks.
@I [XFORM-401] Performing if-conversion on hyperblock in function 'krnl_sobel'... converting 47 basic blocks.
@I [XFORM-401] Performing if-conversion on hyperblock in function 'krnl_sobel'... converting 47 basic blocks.
@I [XFORM-401] Performing if-conversion on hyperblock in function 'krnl_sobel'... converting 47 basic blocks.
@I [XFORM-401] Performing if-conversion on hyperblock in function 'krnl_sobel'... converting 47 basic blocks.
@I [XFORM-401] Performing if-conversion on hyperblock in function 'krnl_sobel'... converting 47 basic blocks.
@I [XFORM-401] Performing if-conversion on hyperblock in function 'krnl_sobel'... converting 47 basic blocks.
@I [XFORM-401] Performing if-conversion on hyperblock in function 'krnl_sobel'... converting 47 basic blocks.
@I [XFORM-401] Performing if-conversion on hyperblock in function 'krnl_sobel'... converting 47 basic blocks.
@I [XFORM-401] Performing if-conversion on hyperblock in function 'krnl_sobel'... converting 47 basic blocks.
@I [XFORM-401] Performing if-conversion on hyperblock in function 'krnl_sobel'... converting 47 basic blocks.
@I [XFORM-401] Performing if-conversion on hyperblock in function 'krnl_sobel'... converting 47 basic blocks.
@I [XFORM-401] Performing if-conversion on hyperblock in function 'krnl_sobel'... converting 47 basic blocks.
@I [XFORM-401] Performing if-conversion on hyperblock in function 'krnl_sobel'... converting 47 basic blocks.
@I [XFORM-401] Performing if-conversion on hyperblock in function 'krnl_sobel'... converting 47 basic blocks.
@I [XFORM-401] Performing if-conversion on hyperblock in function 'krnl_sobel'... converting 47 basic blocks.
@I [XFORM-401] Performing if-conversion on hyperblock in function 'krnl_sobel'... converting 47 basic blocks.
@I [XFORM-401] Performing if-conversion on hyperblock in function 'krnl_sobel'... converting 47 basic blocks.
@I [XFORM-401] Performing if-conversion on hyperblock in function 'krnl_sobel'... converting 91 basic blocks.
@I [XFORM-401] Performing if-conversion on hyperblock in function 'krnl_sobel'... converting 5 basic blocks.
@I [XFORM-401] Performing if-conversion on hyperblock in function 'krnl_sobel'... converting 5 basic blocks.
@I [XFORM-11] Balancing expressions in function 'krnl_sobel' (/proj/picasso/pourya/playground/edge_detection/src/krnl_sobelfilter_pipelined_asyncmem.cl:46:31)...12 expression(s) balanced.
@I [HLS-111] Finished Pre-synthesis Time (s): cpu = 00:02:20 ; elapsed = 00:02:24 . Memory (MB): peak = 2007.113 ; gain = 1668.133 ; free physical = 368 ; free virtual = 111698
@W [XFORM-542] Cannot flatten a loop nest 'Loop-2' (/proj/picasso/pourya/playground/edge_detection/src/krnl_sobelfilter_pipelined_asyncmem.cl:111:13) in function 'krnl_sobel' : 
               the outer loop is not a perfect loop because there is nontrivial logic before entering the inner loop.
@W [XFORM-542] Cannot flatten a loop nest 'Loop-5.2' (/proj/picasso/pourya/playground/edge_detection/src/krnl_sobelfilter_pipelined_asyncmem.cl:134:14) in function 'krnl_sobel' : 
               more than one sub loop.
@W [XFORM-542] Cannot flatten a loop nest 'Loop-5' (/proj/picasso/pourya/playground/edge_detection/src/krnl_sobelfilter_pipelined_asyncmem.cl:124:13) in function 'krnl_sobel' : 
               more than one sub loop.
@W [XFORM-542] Cannot flatten a loop nest 'Loop-8.2' (/proj/picasso/pourya/playground/edge_detection/src/krnl_sobelfilter_pipelined_asyncmem.cl:182:14) in function 'krnl_sobel' : 
               more than one sub loop.
@W [XFORM-542] Cannot flatten a loop nest 'Loop-8' (/proj/picasso/pourya/playground/edge_detection/src/krnl_sobelfilter_pipelined_asyncmem.cl:172:13) in function 'krnl_sobel' : 
               more than one sub loop.
@I [XFORM-811] Inferring bus burst write of variable length on port 'gmem'.
@I [XFORM-811] Inferring bus burst read of variable length on port 'gmem'.
@I [XFORM-811] Inferring bus burst read of variable length on port 'gmem'.
@I [XFORM-811] Inferring bus burst read of variable length on port 'gmem'.
@I [XFORM-811] Inferring bus burst read of variable length on port 'gmem'.
@I [XFORM-811] Inferring bus burst read of variable length on port 'gmem'.
@I [XFORM-811] Inferring bus burst read of variable length on port 'gmem'.
@I [XFORM-811] Inferring bus burst write of variable length on port 'gmem'.
@I [HLS-111] Finished Architecture Synthesis Time (s): cpu = 00:03:53 ; elapsed = 00:03:58 . Memory (MB): peak = 2007.113 ; gain = 1668.133 ; free physical = 372 ; free virtual = 111099
@I [HLS-10] Starting hardware synthesis ...
@I [HLS-10] Synthesizing 'krnl_sobel' ...
@I [HLS-10] ----------------------------------------------------------------
@I [HLS-10] -- Implementing module 'krnl_sobel' 
@I [HLS-10] ----------------------------------------------------------------
@I [SCHED-11] Starting scheduling ...
@I [SCHED-61] Pipelining loop 'memcpy.gmem.krnl_sobel.resbuf'.
@W [SCHED-69] Unable to schedule 'load' operation ('resbuf_load_5', /proj/picasso/pourya/playground/edge_detection/src/krnl_sobelfilter_pipelined_asyncmem.cl:111) on array 'resbuf' due to limited memory ports.
@I [SCHED-61] Pipelining result: Target II: 1, Final II: 2, Depth: 5.
@I [SCHED-61] Pipelining loop 'memcpy.krnl_sobel.rowbuf0.gmem'.
@W [SCHED-69] Unable to schedule 'store' operation (krnl_sobel_compute_unit:46) of variable 'get_part2', krnl_sobel_compute_unit:46 on array 'rowbuf0' due to limited memory ports.
@I [SCHED-61] Pipelining result: Target II: 1, Final II: 2, Depth: 4.
@I [SCHED-61] Pipelining loop 'memcpy.krnl_sobel.rowbuf1.gmem'.
@W [SCHED-69] Unable to schedule 'store' operation (krnl_sobel_compute_unit:46) of variable 'get_part4', krnl_sobel_compute_unit:46 on array 'rowbuf1' due to limited memory ports.
@I [SCHED-61] Pipelining result: Target II: 1, Final II: 2, Depth: 4.
@I [SCHED-61] Pipelining loop 'memcpy.krnl_sobel.rowbuf2.gmem'.
@W [SCHED-69] Unable to schedule 'store' operation (krnl_sobel_compute_unit:46) of variable 'get_part20', krnl_sobel_compute_unit:46 on array 'rowbuf2' due to limited memory ports.
@I [SCHED-61] Pipelining result: Target II: 1, Final II: 2, Depth: 4.
@W [SCHED-65] Unable to satisfy pipeline directive: Loop contains subloop(s) not being unrolled or flattened.
@I [SCHED-61] Pipelining loop 'memcpy.krnl_sobel.rowbuf0.gmem'.
@W [SCHED-69] Unable to schedule 'store' operation (krnl_sobel_compute_unit:46) of variable 'get_part14', krnl_sobel_compute_unit:46 on array 'rowbuf0' due to limited memory ports.
@I [SCHED-61] Pipelining result: Target II: 1, Final II: 2, Depth: 4.
@I [SCHED-61] Pipelining loop 'memcpy.krnl_sobel.rowbuf1.gmem'.
@W [SCHED-69] Unable to schedule 'store' operation (krnl_sobel_compute_unit:46) of variable 'get_part27', krnl_sobel_compute_unit:46 on array 'rowbuf1' due to limited memory ports.
@I [SCHED-61] Pipelining result: Target II: 1, Final II: 2, Depth: 4.
@I [SCHED-61] Pipelining loop 'memcpy.krnl_sobel.rowbuf2.gmem'.
@W [SCHED-69] Unable to schedule 'store' operation (krnl_sobel_compute_unit:46) of variable 'get_part34', krnl_sobel_compute_unit:46 on array 'rowbuf2' due to limited memory ports.
@I [SCHED-61] Pipelining result: Target II: 1, Final II: 2, Depth: 4.
@W [SCHED-65] Unable to satisfy pipeline directive: Loop contains subloop(s) not being unrolled or flattened.
@I [SCHED-61] Pipelining loop 'memcpy.gmem.krnl_sobel.resbuf'.
@W [SCHED-69] Unable to schedule 'load' operation ('resbuf_load_15', /proj/picasso/pourya/playground/edge_detection/src/krnl_sobelfilter_pipelined_asyncmem.cl:172) on array 'resbuf' due to limited memory ports.
@I [SCHED-61] Pipelining result: Target II: 1, Final II: 2, Depth: 5.
@W [SCHED-21] Estimated clock period (4.95ns) exceeds the target (target clock period: 5ns, clock uncertainty: 1.35ns, effective delay budget: 3.65ns).
@W [SCHED-21] The critical path consists of the following:
	'mul' operation ('tmp_109', /proj/picasso/pourya/playground/edge_detection/src/krnl_sobelfilter_pipelined_asyncmem.cl:151) (4.95 ns)
@I [SCHED-11] Finished scheduling.
@I [HLS-111]  Elapsed time: 485.66 seconds; current allocated memory: 727.087 MB.
@I [BIND-100] Starting micro-architecture generation ...
@I [BIND-101] Performing variable lifetime analysis.
@I [BIND-101] Exploring resource sharing.
@I [BIND-101] Binding ...
@I [BIND-100] Finished micro-architecture generation.
@I [HLS-111]  Elapsed time: 379.67 seconds; current allocated memory: 886.251 MB.
@I [HLS-10] ----------------------------------------------------------------
@I [HLS-10] -- Generating RTL for module 'krnl_sobel' 
@I [HLS-10] ----------------------------------------------------------------
@I [RTGEN-500] Setting interface mode on port 'krnl_sobel/gmem' to 'm_axi'.
@I [RTGEN-500] Setting interface mode on port 'krnl_sobel/in_pixels' to 's_axilite & ap_none'.
@I [RTGEN-500] Setting interface mode on port 'krnl_sobel/nchannels' to 's_axilite & ap_none'.
@I [RTGEN-500] Setting interface mode on port 'krnl_sobel/width' to 's_axilite & ap_none'.
@I [RTGEN-500] Setting interface mode on port 'krnl_sobel/height' to 's_axilite & ap_none'.
@I [RTGEN-500] Setting interface mode on port 'krnl_sobel/out_pixels' to 's_axilite & ap_none'.
@I [RTGEN-500] Setting interface mode on function 'krnl_sobel' to 's_axilite & ap_ctrl_hs'.
@I [RTGEN-100] Bundling port 'return', 'in_pixels', 'nchannels', 'width', 'height' and 'out_pixels' to AXI-Lite port control.
@I [RTGEN-100] Generating core module 'krnl_sobel_faddfsub_32ns_32ns_32_8_full_dsp': 1 instance(s).
@I [RTGEN-100] Generating core module 'krnl_sobel_fcmp_32ns_32ns_1_1': 2 instance(s).
@I [RTGEN-100] Generating core module 'krnl_sobel_fdiv_32ns_32ns_32_16': 1 instance(s).
@I [RTGEN-100] Generating core module 'krnl_sobel_fmul_32ns_32ns_32_5_max_dsp': 1 instance(s).
@I [RTGEN-100] Generating core module 'krnl_sobel_mul_31ns_32s_32_7': 4 instance(s).
@I [RTGEN-100] Generating core module 'krnl_sobel_mul_32s_32s_32_7': 1 instance(s).
@I [RTGEN-100] Generating core module 'krnl_sobel_mul_mul_16ns_16ns_32_2': 4 instance(s).
@I [RTGEN-100] Generating core module 'krnl_sobel_sitofp_32ns_32_6': 2 instance(s).
@I [RTGEN-100] Finished creating RTL model for 'krnl_sobel'.
@I [HLS-111]  Elapsed time: 189.07 seconds; current allocated memory: 1.102 GB.
@I [RTMG-282] Generating pipelined core: 'krnl_sobel_mul_32s_32s_32_7_MulnS_0'
@I [RTMG-282] Generating pipelined core: 'krnl_sobel_mul_31ns_32s_32_7_MulnS_1'
@I [RTMG-278] Implementing memory 'krnl_sobel_resbuf_ram' using block RAMs with power-on initialization.
@I [RTMG-278] Implementing memory 'krnl_sobel_pos_1_ram' using block RAMs with power-on initialization.
@I [HLS-111] Finished generating all RTL models Time (s): cpu = 00:19:00 ; elapsed = 00:19:22 . Memory (MB): peak = 2534.691 ; gain = 2195.711 ; free physical = 5578 ; free virtual = 116588
@I [SYSC-301] Generating SystemC RTL for krnl_sobel.
@I [VHDL-304] Generating VHDL RTL for krnl_sobel.
@I [VLOG-307] Generating Verilog RTL for krnl_sobel.
@I [IMPL-8] Exporting RTL as an IP in IP-XACT.
Vivado HLS completed successfully
@I [HLS-112] Total elapsed time: 1330.62 seconds; peak allocated memory: 1.102 GB.
